2023-08-30 20:23:00,792 [Worker-5: Loading available Gradle versions] INFO  o.e.b.c.i.u.g.PublishedGradleVersions - Gradle version information cache is up-to-date. Trying to read.
2023-08-30 20:50:33,584 [Worker-0: Loading available Gradle versions] INFO  o.e.b.c.i.u.g.PublishedGradleVersions - Gradle version information cache is up-to-date. Trying to read.
2023-08-30 20:51:57,940 [Worker-8: Launching mavenrun-a867f298-cb22-4d84-8cf1-42f184fabe7d] INFO  o.eclipse.m2e.core.internal.Bundles - getClasspathEntries(Bundle=org.eclipse.m2e.maven.runtime_3.8.701.20230209-1606 [274])
2023-08-30 20:51:58,058 [Worker-8: Launching mavenrun-a867f298-cb22-4d84-8cf1-42f184fabe7d] INFO  o.eclipse.m2e.core.internal.Bundles - 	Entry: C:\Users\My_Work\Desktop\appium\eclipse-java-2023-03-R-win32-x86_64\eclipse\plugins\org.eclipse.m2e.maven.runtime_3.8.701.20230209-1606
2023-08-30 20:51:58,060 [Worker-8: Launching mavenrun-a867f298-cb22-4d84-8cf1-42f184fabe7d] INFO  o.eclipse.m2e.core.internal.Bundles - 	Entry: C:\Users\My_Work\Desktop\appium\eclipse-java-2023-03-R-win32-x86_64\eclipse\plugins\org.eclipse.m2e.maven.runtime_3.8.701.20230209-1606\jars\aether-connector-okhttp-0.17.8.jar
2023-08-30 20:51:58,061 [Worker-8: Launching mavenrun-a867f298-cb22-4d84-8cf1-42f184fabe7d] INFO  o.eclipse.m2e.core.internal.Bundles - 	Entry: C:\Users\My_Work\Desktop\appium\eclipse-java-2023-03-R-win32-x86_64\eclipse\plugins\org.eclipse.m2e.maven.runtime_3.8.701.20230209-1606\jars\commons-lang3-3.8.1.jar
2023-08-30 20:51:58,062 [Worker-8: Launching mavenrun-a867f298-cb22-4d84-8cf1-42f184fabe7d] INFO  o.eclipse.m2e.core.internal.Bundles - 	Entry: C:\Users\My_Work\Desktop\appium\eclipse-java-2023-03-R-win32-x86_64\eclipse\plugins\org.eclipse.m2e.maven.runtime_3.8.701.20230209-1606\jars\guice-4.2.2-no_aop.jar
2023-08-30 20:51:58,064 [Worker-8: Launching mavenrun-a867f298-cb22-4d84-8cf1-42f184fabe7d] INFO  o.eclipse.m2e.core.internal.Bundles - 	Entry: C:\Users\My_Work\Desktop\appium\eclipse-java-2023-03-R-win32-x86_64\eclipse\plugins\org.eclipse.m2e.maven.runtime_3.8.701.20230209-1606\jars\jansi-2.4.0.jar
2023-08-30 20:51:58,067 [Worker-8: Launching mavenrun-a867f298-cb22-4d84-8cf1-42f184fabe7d] INFO  o.eclipse.m2e.core.internal.Bundles - 	Entry: C:\Users\My_Work\Desktop\appium\eclipse-java-2023-03-R-win32-x86_64\eclipse\plugins\org.eclipse.m2e.maven.runtime_3.8.701.20230209-1606\jars\maven-artifact-3.8.7.jar
2023-08-30 20:51:58,069 [Worker-8: Launching mavenrun-a867f298-cb22-4d84-8cf1-42f184fabe7d] INFO  o.eclipse.m2e.core.internal.Bundles - 	Entry: C:\Users\My_Work\Desktop\appium\eclipse-java-2023-03-R-win32-x86_64\eclipse\plugins\org.eclipse.m2e.maven.runtime_3.8.701.20230209-1606\jars\maven-builder-support-3.8.7.jar
2023-08-30 20:51:58,069 [Worker-8: Launching mavenrun-a867f298-cb22-4d84-8cf1-42f184fabe7d] INFO  o.eclipse.m2e.core.internal.Bundles - 	Entry: C:\Users\My_Work\Desktop\appium\eclipse-java-2023-03-R-win32-x86_64\eclipse\plugins\org.eclipse.m2e.maven.runtime_3.8.701.20230209-1606\jars\maven-compat-3.8.7.jar
2023-08-30 20:51:58,070 [Worker-8: Launching mavenrun-a867f298-cb22-4d84-8cf1-42f184fabe7d] INFO  o.eclipse.m2e.core.internal.Bundles - 	Entry: C:\Users\My_Work\Desktop\appium\eclipse-java-2023-03-R-win32-x86_64\eclipse\plugins\org.eclipse.m2e.maven.runtime_3.8.701.20230209-1606\jars\maven-core-3.8.7.jar
2023-08-30 20:51:58,070 [Worker-8: Launching mavenrun-a867f298-cb22-4d84-8cf1-42f184fabe7d] INFO  o.eclipse.m2e.core.internal.Bundles - 	Entry: C:\Users\My_Work\Desktop\appium\eclipse-java-2023-03-R-win32-x86_64\eclipse\plugins\org.eclipse.m2e.maven.runtime_3.8.701.20230209-1606\jars\maven-embedder-3.8.7.jar
2023-08-30 20:51:58,071 [Worker-8: Launching mavenrun-a867f298-cb22-4d84-8cf1-42f184fabe7d] INFO  o.eclipse.m2e.core.internal.Bundles - 	Entry: C:\Users\My_Work\Desktop\appium\eclipse-java-2023-03-R-win32-x86_64\eclipse\plugins\org.eclipse.m2e.maven.runtime_3.8.701.20230209-1606\jars\maven-model-3.8.7.jar
2023-08-30 20:51:58,072 [Worker-8: Launching mavenrun-a867f298-cb22-4d84-8cf1-42f184fabe7d] INFO  o.eclipse.m2e.core.internal.Bundles - 	Entry: C:\Users\My_Work\Desktop\appium\eclipse-java-2023-03-R-win32-x86_64\eclipse\plugins\org.eclipse.m2e.maven.runtime_3.8.701.20230209-1606\jars\maven-model-builder-3.8.7.jar
2023-08-30 20:51:58,073 [Worker-8: Launching mavenrun-a867f298-cb22-4d84-8cf1-42f184fabe7d] INFO  o.eclipse.m2e.core.internal.Bundles - 	Entry: C:\Users\My_Work\Desktop\appium\eclipse-java-2023-03-R-win32-x86_64\eclipse\plugins\org.eclipse.m2e.maven.runtime_3.8.701.20230209-1606\jars\maven-plugin-api-3.8.7.jar
2023-08-30 20:51:58,073 [Worker-8: Launching mavenrun-a867f298-cb22-4d84-8cf1-42f184fabe7d] INFO  o.eclipse.m2e.core.internal.Bundles - 	Entry: C:\Users\My_Work\Desktop\appium\eclipse-java-2023-03-R-win32-x86_64\eclipse\plugins\org.eclipse.m2e.maven.runtime_3.8.701.20230209-1606\jars\maven-repository-metadata-3.8.7.jar
2023-08-30 20:51:58,074 [Worker-8: Launching mavenrun-a867f298-cb22-4d84-8cf1-42f184fabe7d] INFO  o.eclipse.m2e.core.internal.Bundles - 	Entry: C:\Users\My_Work\Desktop\appium\eclipse-java-2023-03-R-win32-x86_64\eclipse\plugins\org.eclipse.m2e.maven.runtime_3.8.701.20230209-1606\jars\maven-resolver-api-1.6.3.jar
2023-08-30 20:51:58,075 [Worker-8: Launching mavenrun-a867f298-cb22-4d84-8cf1-42f184fabe7d] INFO  o.eclipse.m2e.core.internal.Bundles - 	Entry: C:\Users\My_Work\Desktop\appium\eclipse-java-2023-03-R-win32-x86_64\eclipse\plugins\org.eclipse.m2e.maven.runtime_3.8.701.20230209-1606\jars\maven-resolver-connector-basic-1.6.3.jar
2023-08-30 20:51:58,075 [Worker-8: Launching mavenrun-a867f298-cb22-4d84-8cf1-42f184fabe7d] INFO  o.eclipse.m2e.core.internal.Bundles - 	Entry: C:\Users\My_Work\Desktop\appium\eclipse-java-2023-03-R-win32-x86_64\eclipse\plugins\org.eclipse.m2e.maven.runtime_3.8.701.20230209-1606\jars\maven-resolver-impl-1.6.3.jar
2023-08-30 20:51:58,076 [Worker-8: Launching mavenrun-a867f298-cb22-4d84-8cf1-42f184fabe7d] INFO  o.eclipse.m2e.core.internal.Bundles - 	Entry: C:\Users\My_Work\Desktop\appium\eclipse-java-2023-03-R-win32-x86_64\eclipse\plugins\org.eclipse.m2e.maven.runtime_3.8.701.20230209-1606\jars\maven-resolver-provider-3.8.7.jar
2023-08-30 20:51:58,077 [Worker-8: Launching mavenrun-a867f298-cb22-4d84-8cf1-42f184fabe7d] INFO  o.eclipse.m2e.core.internal.Bundles - 	Entry: C:\Users\My_Work\Desktop\appium\eclipse-java-2023-03-R-win32-x86_64\eclipse\plugins\org.eclipse.m2e.maven.runtime_3.8.701.20230209-1606\jars\maven-resolver-spi-1.6.3.jar
2023-08-30 20:51:58,077 [Worker-8: Launching mavenrun-a867f298-cb22-4d84-8cf1-42f184fabe7d] INFO  o.eclipse.m2e.core.internal.Bundles - 	Entry: C:\Users\My_Work\Desktop\appium\eclipse-java-2023-03-R-win32-x86_64\eclipse\plugins\org.eclipse.m2e.maven.runtime_3.8.701.20230209-1606\jars\maven-resolver-transport-wagon-1.6.3.jar
2023-08-30 20:51:58,078 [Worker-8: Launching mavenrun-a867f298-cb22-4d84-8cf1-42f184fabe7d] INFO  o.eclipse.m2e.core.internal.Bundles - 	Entry: C:\Users\My_Work\Desktop\appium\eclipse-java-2023-03-R-win32-x86_64\eclipse\plugins\org.eclipse.m2e.maven.runtime_3.8.701.20230209-1606\jars\maven-resolver-util-1.6.3.jar
2023-08-30 20:51:58,079 [Worker-8: Launching mavenrun-a867f298-cb22-4d84-8cf1-42f184fabe7d] INFO  o.eclipse.m2e.core.internal.Bundles - 	Entry: C:\Users\My_Work\Desktop\appium\eclipse-java-2023-03-R-win32-x86_64\eclipse\plugins\org.eclipse.m2e.maven.runtime_3.8.701.20230209-1606\jars\maven-settings-3.8.7.jar
2023-08-30 20:51:58,080 [Worker-8: Launching mavenrun-a867f298-cb22-4d84-8cf1-42f184fabe7d] INFO  o.eclipse.m2e.core.internal.Bundles - 	Entry: C:\Users\My_Work\Desktop\appium\eclipse-java-2023-03-R-win32-x86_64\eclipse\plugins\org.eclipse.m2e.maven.runtime_3.8.701.20230209-1606\jars\maven-settings-builder-3.8.7.jar
2023-08-30 20:51:58,081 [Worker-8: Launching mavenrun-a867f298-cb22-4d84-8cf1-42f184fabe7d] INFO  o.eclipse.m2e.core.internal.Bundles - 	Entry: C:\Users\My_Work\Desktop\appium\eclipse-java-2023-03-R-win32-x86_64\eclipse\plugins\org.eclipse.m2e.maven.runtime_3.8.701.20230209-1606\jars\maven-shared-utils-3.3.4.jar
2023-08-30 20:51:58,081 [Worker-8: Launching mavenrun-a867f298-cb22-4d84-8cf1-42f184fabe7d] INFO  o.eclipse.m2e.core.internal.Bundles - 	Entry: C:\Users\My_Work\Desktop\appium\eclipse-java-2023-03-R-win32-x86_64\eclipse\plugins\org.eclipse.m2e.maven.runtime_3.8.701.20230209-1606\jars\okhttp-3.14.1.jar
2023-08-30 20:51:58,082 [Worker-8: Launching mavenrun-a867f298-cb22-4d84-8cf1-42f184fabe7d] INFO  o.eclipse.m2e.core.internal.Bundles - 	Entry: C:\Users\My_Work\Desktop\appium\eclipse-java-2023-03-R-win32-x86_64\eclipse\plugins\org.eclipse.m2e.maven.runtime_3.8.701.20230209-1606\jars\okio-1.17.3.jar
2023-08-30 20:51:58,083 [Worker-8: Launching mavenrun-a867f298-cb22-4d84-8cf1-42f184fabe7d] INFO  o.eclipse.m2e.core.internal.Bundles - 	Entry: C:\Users\My_Work\Desktop\appium\eclipse-java-2023-03-R-win32-x86_64\eclipse\plugins\org.eclipse.m2e.maven.runtime_3.8.701.20230209-1606\jars\org.eclipse.sisu.inject-0.3.5.jar
2023-08-30 20:51:58,084 [Worker-8: Launching mavenrun-a867f298-cb22-4d84-8cf1-42f184fabe7d] INFO  o.eclipse.m2e.core.internal.Bundles - 	Entry: C:\Users\My_Work\Desktop\appium\eclipse-java-2023-03-R-win32-x86_64\eclipse\plugins\org.eclipse.m2e.maven.runtime_3.8.701.20230209-1606\jars\org.eclipse.sisu.plexus-0.3.5.jar
2023-08-30 20:51:58,084 [Worker-8: Launching mavenrun-a867f298-cb22-4d84-8cf1-42f184fabe7d] INFO  o.eclipse.m2e.core.internal.Bundles - 	Entry: C:\Users\My_Work\Desktop\appium\eclipse-java-2023-03-R-win32-x86_64\eclipse\plugins\org.eclipse.m2e.maven.runtime_3.8.701.20230209-1606\jars\plexus-build-api-0.0.7.jar
2023-08-30 20:51:58,085 [Worker-8: Launching mavenrun-a867f298-cb22-4d84-8cf1-42f184fabe7d] INFO  o.eclipse.m2e.core.internal.Bundles - 	Entry: C:\Users\My_Work\Desktop\appium\eclipse-java-2023-03-R-win32-x86_64\eclipse\plugins\org.eclipse.m2e.maven.runtime_3.8.701.20230209-1606\jars\plexus-cipher-2.0.jar
2023-08-30 20:51:58,086 [Worker-8: Launching mavenrun-a867f298-cb22-4d84-8cf1-42f184fabe7d] INFO  o.eclipse.m2e.core.internal.Bundles - 	Entry: C:\Users\My_Work\Desktop\appium\eclipse-java-2023-03-R-win32-x86_64\eclipse\plugins\org.eclipse.m2e.maven.runtime_3.8.701.20230209-1606\jars\plexus-classworlds-2.6.0.jar
2023-08-30 20:51:58,087 [Worker-8: Launching mavenrun-a867f298-cb22-4d84-8cf1-42f184fabe7d] INFO  o.eclipse.m2e.core.internal.Bundles - 	Entry: C:\Users\My_Work\Desktop\appium\eclipse-java-2023-03-R-win32-x86_64\eclipse\plugins\org.eclipse.m2e.maven.runtime_3.8.701.20230209-1606\jars\plexus-component-annotations-2.1.0.jar
2023-08-30 20:51:58,088 [Worker-8: Launching mavenrun-a867f298-cb22-4d84-8cf1-42f184fabe7d] INFO  o.eclipse.m2e.core.internal.Bundles - 	Entry: C:\Users\My_Work\Desktop\appium\eclipse-java-2023-03-R-win32-x86_64\eclipse\plugins\org.eclipse.m2e.maven.runtime_3.8.701.20230209-1606\jars\plexus-interpolation-1.26.jar
2023-08-30 20:51:58,088 [Worker-8: Launching mavenrun-a867f298-cb22-4d84-8cf1-42f184fabe7d] INFO  o.eclipse.m2e.core.internal.Bundles - 	Entry: C:\Users\My_Work\Desktop\appium\eclipse-java-2023-03-R-win32-x86_64\eclipse\plugins\org.eclipse.m2e.maven.runtime_3.8.701.20230209-1606\jars\plexus-sec-dispatcher-2.0.jar
2023-08-30 20:51:58,089 [Worker-8: Launching mavenrun-a867f298-cb22-4d84-8cf1-42f184fabe7d] INFO  o.eclipse.m2e.core.internal.Bundles - 	Entry: C:\Users\My_Work\Desktop\appium\eclipse-java-2023-03-R-win32-x86_64\eclipse\plugins\org.eclipse.m2e.maven.runtime_3.8.701.20230209-1606\jars\plexus-utils-3.3.1.jar
2023-08-30 20:51:58,090 [Worker-8: Launching mavenrun-a867f298-cb22-4d84-8cf1-42f184fabe7d] INFO  o.eclipse.m2e.core.internal.Bundles - 	Entry: C:\Users\My_Work\Desktop\appium\eclipse-java-2023-03-R-win32-x86_64\eclipse\plugins\org.eclipse.m2e.maven.runtime_3.8.701.20230209-1606\jars\wagon-file-3.5.3.jar
2023-08-30 20:51:58,091 [Worker-8: Launching mavenrun-a867f298-cb22-4d84-8cf1-42f184fabe7d] INFO  o.eclipse.m2e.core.internal.Bundles - 	Entry: C:\Users\My_Work\Desktop\appium\eclipse-java-2023-03-R-win32-x86_64\eclipse\plugins\org.eclipse.m2e.maven.runtime_3.8.701.20230209-1606\jars\wagon-provider-api-3.5.3.jar
2023-08-30 20:51:58,098 [Worker-8: Launching mavenrun-a867f298-cb22-4d84-8cf1-42f184fabe7d] INFO  o.eclipse.m2e.core.internal.Bundles - getClasspathEntries(Bundle=com.google.guava_31.1.0.jre [9])
2023-08-30 20:51:58,100 [Worker-8: Launching mavenrun-a867f298-cb22-4d84-8cf1-42f184fabe7d] INFO  o.eclipse.m2e.core.internal.Bundles - 	Entry: C:\Users\My_Work\Desktop\appium\eclipse-java-2023-03-R-win32-x86_64\eclipse\plugins\com.google.guava_31.1.0.jre.jar
2023-08-30 20:51:58,100 [Worker-8: Launching mavenrun-a867f298-cb22-4d84-8cf1-42f184fabe7d] INFO  o.eclipse.m2e.core.internal.Bundles - getClasspathEntries(Bundle=slf4j.api_1.7.36 [442])
2023-08-30 20:51:58,103 [Worker-8: Launching mavenrun-a867f298-cb22-4d84-8cf1-42f184fabe7d] INFO  o.eclipse.m2e.core.internal.Bundles - 	Entry: C:\Users\My_Work\Desktop\appium\eclipse-java-2023-03-R-win32-x86_64\eclipse\plugins\slf4j.api_1.7.36.jar
2023-08-30 20:51:58,103 [Worker-8: Launching mavenrun-a867f298-cb22-4d84-8cf1-42f184fabe7d] INFO  o.eclipse.m2e.core.internal.Bundles - getClasspathEntries(Bundle=javax.inject_1.0.0.v20220405-0441 [21])
2023-08-30 20:51:58,106 [Worker-8: Launching mavenrun-a867f298-cb22-4d84-8cf1-42f184fabe7d] INFO  o.eclipse.m2e.core.internal.Bundles - 	Entry: C:\Users\My_Work\Desktop\appium\eclipse-java-2023-03-R-win32-x86_64\eclipse\plugins\javax.inject_1.0.0.v20220405-0441.jar
2023-08-30 20:51:58,107 [Worker-8: Launching mavenrun-a867f298-cb22-4d84-8cf1-42f184fabe7d] INFO  o.eclipse.m2e.core.internal.Bundles - getClasspathEntries(Bundle=javax.annotation_1.3.5.v20221203-1659 [19])
2023-08-30 20:51:58,109 [Worker-8: Launching mavenrun-a867f298-cb22-4d84-8cf1-42f184fabe7d] INFO  o.eclipse.m2e.core.internal.Bundles - 	Entry: C:\Users\My_Work\Desktop\appium\eclipse-java-2023-03-R-win32-x86_64\eclipse\plugins\javax.annotation_1.3.5.v20221203-1659.jar
2023-08-30 20:51:58,110 [Worker-8: Launching mavenrun-a867f298-cb22-4d84-8cf1-42f184fabe7d] INFO  o.eclipse.m2e.core.internal.Bundles - getClasspathEntries(Bundle=org.apache.commons.cli_1.4.0.v20221112-0806 [41])
2023-08-30 20:51:58,115 [Worker-8: Launching mavenrun-a867f298-cb22-4d84-8cf1-42f184fabe7d] INFO  o.eclipse.m2e.core.internal.Bundles - 	Entry: C:\Users\My_Work\Desktop\appium\eclipse-java-2023-03-R-win32-x86_64\eclipse\plugins\org.apache.commons.cli_1.4.0.v20221112-0806.jar
2023-08-30 20:51:58,115 [Worker-8: Launching mavenrun-a867f298-cb22-4d84-8cf1-42f184fabe7d] INFO  o.eclipse.m2e.core.internal.Bundles - getClasspathEntries(Bundle=com.google.guava.failureaccess_1.0.1 [11])
2023-08-30 20:51:58,118 [Worker-8: Launching mavenrun-a867f298-cb22-4d84-8cf1-42f184fabe7d] INFO  o.eclipse.m2e.core.internal.Bundles - 	Entry: C:\Users\My_Work\Desktop\appium\eclipse-java-2023-03-R-win32-x86_64\eclipse\plugins\com.google.guava.failureaccess_1.0.1.jar
2023-08-30 20:51:58,146 [Worker-8: Launching mavenrun-a867f298-cb22-4d84-8cf1-42f184fabe7d] INFO  o.e.m.i.launch.MavenLaunchDelegate - Run build in "C:\Users\My_Work\AppData\Local\Temp\m2e-archetypeGenerator571127761323741069":
2023-08-30 20:51:58,165 [Worker-8: Launching mavenrun-a867f298-cb22-4d84-8cf1-42f184fabe7d] INFO  o.e.m.i.launch.MavenLaunchDelegate -  mvn  -DarchetypeGroupId=org.apache.maven.archetypes -DarchetypeArtifactId=maven-archetype-quickstart -DarchetypeVersion=1.1 -DgroupId=com -DartifactId=V2_ios -Dversion=0.0.1-SNAPSHOT -Dpackage=com.V2_ios -DoutputDirectory=C:\Users\My_Work\Desktop\Villeos_project\Villeos_Web_app -Dstyle.color=always -U archetype:generate
